<?xml version="1.0" encoding="UTF-8"?>
<testng-results skipped="0" failed="0" ignored="0" total="3" passed="3">
  <reporter-output>
  </reporter-output>
  <suite name="Hubspot App Regression Test Suite" duration-ms="42613" started-at="2020-04-29T02:58:26Z" finished-at="2020-04-29T02:59:09Z">
    <groups>
    </groups>
    <test name="Regression Functional Test" duration-ms="42613" started-at="2020-04-29T02:58:26Z" finished-at="2020-04-29T02:59:09Z">
      <class name="com.qa.hubspot.tests.LoginPageTest">
        <test-method status="PASS" signature="setUp()[pri:0, instance:com.qa.hubspot.tests.LoginPageTest@4264b240]" name="setUp" is-config="true" duration-ms="8905" started-at="2020-04-29T02:58:27Z" finished-at="2020-04-29T02:58:35Z">
          <reporter-output>
          </reporter-output>
        </test-method> <!-- setUp -->
        <test-method status="PASS" signature="verifyLoginPageTitleTest()[pri:1, instance:com.qa.hubspot.tests.LoginPageTest@4264b240]" name="verifyLoginPageTitleTest" duration-ms="10148" started-at="2020-04-29T02:58:35Z" finished-at="2020-04-29T02:58:46Z">
          <reporter-output>
          </reporter-output>
        </test-method> <!-- verifyLoginPageTitleTest -->
        <test-method status="PASS" signature="verifySignUpLinkTest()[pri:2, instance:com.qa.hubspot.tests.LoginPageTest@4264b240]" name="verifySignUpLinkTest" duration-ms="6326" started-at="2020-04-29T02:58:46Z" finished-at="2020-04-29T02:58:52Z">
          <reporter-output>
          </reporter-output>
        </test-method> <!-- verifySignUpLinkTest -->
        <test-method status="PASS" signature="loginTest()[pri:3, instance:com.qa.hubspot.tests.LoginPageTest@4264b240]" name="loginTest" duration-ms="16864" started-at="2020-04-29T02:58:52Z" finished-at="2020-04-29T02:59:09Z">
          <reporter-output>
          </reporter-output>
        </test-method> <!-- loginTest -->
        <test-method status="PASS" signature="tearDown()[pri:0, instance:com.qa.hubspot.tests.LoginPageTest@4264b240]" name="tearDown" is-config="true" duration-ms="144" started-at="2020-04-29T02:59:09Z" finished-at="2020-04-29T02:59:09Z">
          <reporter-output>
          </reporter-output>
        </test-method> <!-- tearDown -->
      </class> <!-- com.qa.hubspot.tests.LoginPageTest -->
    </test> <!-- Regression Functional Test -->
  </suite> <!-- Hubspot App Regression Test Suite -->
</testng-results>
